====================================================
Date: [07-07-2023 15:13:02]
Request: GET | https://api.publicapis.org/entries
Status: 200
Response: OK
====================================================
====================================================
Date: [07-07-2023 15:13:58]
Request: GET | https://api.publicapis.org/entries
Status: 200
Response: OK
====================================================
====================================================
Date: [07-07-2023 15:18:36]
Request: GET | https://httpbin.org/status/422
Status: 504
Response: Gateway Time-out
====================================================
====================================================
Date: [07-07-2023 15:30:17]
Request: GET | https://webhook.site/9fa112e7-26cf-4914-9e39-6fa1af99d2c2
Status: 200
Response: OK
====================================================
====================================================
Date: [07-07-2023 16:37:43]
Request: GET | http://127.0.0.1:8000/profil/1/info
Status: 404
Response: Not Found
====================================================
====================================================
Date: [10-07-2023 11:06:11]
Request: GET | https://api.publicapis.org/entries
Status: 200
Response: OK
====================================================
